2025-06-01 21:02:45.311 | INFO     | utils:create_dir:155 - 目录 D:\suiyan\blog 创建成功
2025-06-01 21:02:45.336 | INFO     | utils:clear_build:177 - 清理所有静态html成功！
2025-06-01 21:02:45.340 | INFO     | utils:copy_file:259 - 文件D:\suiyan\config.json已复制到D:\suiyan\blog\config.json
2025-06-01 21:02:45.374 | INFO     | s:create_blog_jsfile:342 - url.js创建成功！
2025-06-01 21:02:45.378 | INFO     | utils:create_data_json:131 - blog数据索引更新完毕！
2025-06-01 21:02:45.418 | INFO     | s:create_index_html:125 - 生成首页、列表页成功！
2025-06-01 21:02:48.107 | INFO     | s:create_blog:327 - blog文章.md创建成功！
2025-06-01 21:02:48.133 | INFO     | s:create_blog:327 - blog文章.md创建成功！
2025-06-01 21:02:48.137 | INFO     | s:create_blog:327 - blog文章.md创建成功！
2025-06-01 21:02:48.142 | INFO     | s:create_blog:327 - blog文章.md创建成功！
2025-06-01 21:02:48.146 | INFO     | s:create_blog:327 - blog文章.md创建成功！
2025-06-01 21:02:48.154 | INFO     | s:create_blog:327 - blog文章.md创建成功！
2025-06-01 21:02:48.158 | INFO     | s:create_blog:327 - blog文章.md创建成功！
2025-06-01 21:02:48.161 | INFO     | s:create_blog:327 - blog文章.md创建成功！
2025-06-01 21:02:48.170 | INFO     | s:create_blog:327 - blog文章.md创建成功！
2025-06-01 21:02:48.175 | INFO     | s:create_blog:327 - blog文章.md创建成功！
2025-06-01 21:02:48.177 | INFO     | s:create_blog:327 - blog文章.md创建成功！
2025-06-01 21:02:48.186 | INFO     | s:create_blog:327 - blog文章.md创建成功！
2025-06-01 21:02:48.191 | INFO     | s:create_blog:327 - blog文章.md创建成功！
2025-06-01 21:02:48.199 | INFO     | s:create_blog:327 - blog文章.md创建成功！
2025-06-01 21:02:48.203 | INFO     | s:create_blog:327 - blog文章.md创建成功！
2025-06-01 21:02:48.207 | INFO     | s:create_blog:327 - blog文章.md创建成功！
2025-06-01 21:02:48.213 | INFO     | s:create_blog:327 - blog文章.md创建成功！
2025-06-01 21:02:48.217 | INFO     | s:create_blog:327 - blog文章.md创建成功！
2025-06-01 21:02:48.222 | INFO     | s:create_blog:327 - blog文章.md创建成功！
2025-06-01 21:02:48.229 | INFO     | s:create_blog:327 - blog文章.md创建成功！
2025-06-01 21:02:48.233 | INFO     | s:create_test:361 - 测试文件创建完毕！
2025-06-01 21:02:50.352 | INFO     | s:create_blog:327 - blog文章.md创建成功！
2025-06-01 21:07:30.463 | INFO     | __main__:main:450 - 3.2.0
2025-06-01 21:07:38.154 | INFO     | __main__:main:450 - 3.2.0
2025-06-01 21:07:47.693 | INFO     | __main__:main:450 - 3.2.0
2025-06-01 21:10:22.374 | INFO     | __main__:main:450 - 3.2.0
2025-06-01 21:11:44.402 | INFO     | utils:clear_build:177 - 清理所有静态html成功！
2025-06-01 21:11:44.406 | INFO     | utils:copy_file:259 - 文件D:\suiyan\config.json已复制到D:\suiyan\blog\config.json
2025-06-01 21:11:44.436 | INFO     | s:create_blog_jsfile:342 - url.js创建成功！
2025-06-01 21:11:44.666 | INFO     | utils:create_data_json:131 - blog数据索引更新完毕！
2025-06-01 21:11:44.841 | INFO     | s:create_index_html:125 - 生成首页、列表页成功！
2025-06-01 21:11:44.864 | INFO     | s:create_archives_html:193 - 生成archives.html成功！
2025-06-01 21:11:44.916 | INFO     | s:create_tags_html:248 - 生成tags.html成功！
2025-06-01 21:11:44.962 | INFO     | s:create_search_html:210 - 生成search.html成功！
2025-06-01 21:11:45.017 | INFO     | s:create_links_html:225 - 生成links.html成功！
2025-06-01 21:11:45.145 | INFO     | s:create_allblog:276 - 生成所有文章页成功！
2025-06-01 21:11:45.171 | INFO     | s:create_sitemap:79 - sitemap.xml、sitemap.txt更新完毕！
2025-06-01 21:11:45.183 | INFO     | s:create_rss:104 - 生成rss.xml成功！
2025-06-01 21:11:45.185 | INFO     | s:create_all:371 - 所有静态资源创建更新完毕！
2025-06-01 21:12:57.431 | INFO     | __main__:create_blog:327 - blog文章.md创建成功！
2025-06-01 21:13:16.046 | INFO     | utils:clear_build:177 - 清理所有静态html成功！
2025-06-01 21:13:16.049 | INFO     | utils:copy_file:259 - 文件D:\suiyan\config.json已复制到D:\suiyan\blog\config.json
2025-06-01 21:13:16.087 | INFO     | __main__:create_blog_jsfile:342 - url.js创建成功！
2025-06-01 21:13:16.120 | INFO     | utils:create_data_json:131 - blog数据索引更新完毕！
2025-06-01 21:13:16.205 | INFO     | __main__:create_index_html:125 - 生成首页、列表页成功！
2025-06-01 21:13:16.232 | INFO     | __main__:create_archives_html:193 - 生成archives.html成功！
2025-06-01 21:13:16.248 | INFO     | __main__:create_tags_html:248 - 生成tags.html成功！
2025-06-01 21:13:16.273 | INFO     | __main__:create_search_html:210 - 生成search.html成功！
2025-06-01 21:13:16.289 | INFO     | __main__:create_links_html:225 - 生成links.html成功！
2025-06-01 21:13:16.365 | INFO     | __main__:create_allblog:276 - 生成所有文章页成功！
2025-06-01 21:13:16.373 | INFO     | __main__:create_sitemap:79 - sitemap.xml、sitemap.txt更新完毕！
2025-06-01 21:13:16.384 | INFO     | __main__:create_rss:104 - 生成rss.xml成功！
2025-06-01 21:13:16.385 | INFO     | __main__:create_all:371 - 所有静态资源创建更新完毕！
2025-06-01 20:15:39.279 | INFO     | utils:clear_build:177 - 清理所有静态html成功！
2025-06-01 20:15:39.279 | INFO     | utils:copy_file:259 - 文件D:\suiyan\config.json已复制到D:\suiyan\blog\config.json
2025-06-01 20:15:39.310 | INFO     | __main__:create_blog_jsfile:342 - url.js创建成功！
2025-06-01 20:15:39.325 | INFO     | utils:create_data_json:131 - blog数据索引更新完毕！
2025-06-01 20:15:39.427 | INFO     | __main__:create_index_html:125 - 生成首页、列表页成功！
2025-06-01 20:15:39.442 | INFO     | __main__:create_archives_html:193 - 生成archives.html成功！
2025-06-01 20:15:39.458 | INFO     | __main__:create_tags_html:248 - 生成tags.html成功！
2025-06-01 20:15:39.474 | INFO     | __main__:create_search_html:210 - 生成search.html成功！
2025-06-01 20:15:39.489 | INFO     | __main__:create_links_html:225 - 生成links.html成功！
2025-06-01 20:15:39.567 | INFO     | __main__:create_allblog:276 - 生成所有文章页成功！
2025-06-01 20:15:39.567 | INFO     | __main__:create_sitemap:79 - sitemap.xml、sitemap.txt更新完毕！
2025-06-01 20:15:39.583 | INFO     | __main__:create_rss:104 - 生成rss.xml成功！
2025-06-01 20:15:39.583 | INFO     | __main__:create_all:371 - 所有静态资源创建更新完毕！
